<?xml version="1.0" encoding="UTF-8"?>
<testsuite name="com.ish.ThemeParkApplicationIT" tests="4" skipped="0" failures="0" errors="0" timestamp="2021-10-21T01:39:58" hostname="LAPTOP-TM7GM8O5" time="0.453">
  <properties/>
  <testcase name="getsAllRides()" classname="com.ish.ThemeParkApplicationIT" time="0.342"/>
  <testcase name="getsSingleRide()" classname="com.ish.ThemeParkApplicationIT" time="0.036"/>
  <testcase name="returnsNotFoundForInvalidSingleRide()" classname="com.ish.ThemeParkApplicationIT" time="0.01"/>
  <testcase name="addsNewRide()" classname="com.ish.ThemeParkApplicationIT" time="0.062"/>
  <system-out><![CDATA[18:39:53.283 [Test worker] DEBUG org.springframework.test.context.BootstrapUtils - Instantiating CacheAwareContextLoaderDelegate from class [org.springframework.test.context.cache.DefaultCacheAwareContextLoaderDelegate]
18:39:53.298 [Test worker] DEBUG org.springframework.test.context.BootstrapUtils - Instantiating BootstrapContext using constructor [public org.springframework.test.context.support.DefaultBootstrapContext(java.lang.Class,org.springframework.test.context.CacheAwareContextLoaderDelegate)]
18:39:53.342 [Test worker] DEBUG org.springframework.test.context.BootstrapUtils - Instantiating TestContextBootstrapper for test class [com.ish.ThemeParkApplicationIT] from class [org.springframework.boot.test.context.SpringBootTestContextBootstrapper]
18:39:53.357 [Test worker] INFO org.springframework.boot.test.context.SpringBootTestContextBootstrapper - Neither @ContextConfiguration nor @ContextHierarchy found for test class [com.ish.ThemeParkApplicationIT], using SpringBootContextLoader
18:39:53.357 [Test worker] DEBUG org.springframework.test.context.support.AbstractContextLoader - Did not detect default resource location for test class [com.ish.ThemeParkApplicationIT]: class path resource [com/ish/ThemeParkApplicationIT-context.xml] does not exist
18:39:53.357 [Test worker] DEBUG org.springframework.test.context.support.AbstractContextLoader - Did not detect default resource location for test class [com.ish.ThemeParkApplicationIT]: class path resource [com/ish/ThemeParkApplicationITContext.groovy] does not exist
18:39:53.357 [Test worker] INFO org.springframework.test.context.support.AbstractContextLoader - Could not detect default resource locations for test class [com.ish.ThemeParkApplicationIT]: no resource found for suffixes {-context.xml, Context.groovy}.
18:39:53.357 [Test worker] INFO org.springframework.test.context.support.AnnotationConfigContextLoaderUtils - Could not detect default configuration classes for test class [com.ish.ThemeParkApplicationIT]: ThemeParkApplicationIT does not declare any static, non-private, non-final, nested classes annotated with @Configuration.
18:39:53.420 [Test worker] DEBUG org.springframework.test.context.support.ActiveProfilesUtils - Could not find an 'annotation declaring class' for annotation type [org.springframework.test.context.ActiveProfiles] and class [com.ish.ThemeParkApplicationIT]
18:39:53.488 [Test worker] DEBUG org.springframework.context.annotation.ClassPathScanningCandidateComponentProvider - Identified candidate component class: file [D:\spring-boot\build\classes\java\main\com\ish\ThemeParkApplication.class]
18:39:53.488 [Test worker] INFO org.springframework.boot.test.context.SpringBootTestContextBootstrapper - Found @SpringBootConfiguration com.ish.ThemeParkApplication for test class com.ish.ThemeParkApplicationIT
18:39:53.589 [Test worker] DEBUG org.springframework.boot.test.context.SpringBootTestContextBootstrapper - @TestExecutionListeners is not present for class [com.ish.ThemeParkApplicationIT]: using defaults.
18:39:53.589 [Test worker] INFO org.springframework.boot.test.context.SpringBootTestContextBootstrapper - Loaded default TestExecutionListener class names from location [META-INF/spring.factories]: [org.springframework.boot.test.autoconfigure.restdocs.RestDocsTestExecutionListener, org.springframework.boot.test.autoconfigure.web.client.MockRestServiceServerResetTestExecutionListener, org.springframework.boot.test.autoconfigure.web.servlet.MockMvcPrintOnlyOnFailureTestExecutionListener, org.springframework.boot.test.autoconfigure.web.servlet.WebDriverTestExecutionListener, org.springframework.boot.test.autoconfigure.webservices.client.MockWebServiceServerTestExecutionListener, org.springframework.boot.test.mock.mockito.MockitoTestExecutionListener, org.springframework.boot.test.mock.mockito.ResetMocksTestExecutionListener, org.springframework.test.context.web.ServletTestExecutionListener, org.springframework.test.context.support.DirtiesContextBeforeModesTestExecutionListener, org.springframework.test.context.event.ApplicationEventsTestExecutionListener, org.springframework.test.context.support.DependencyInjectionTestExecutionListener, org.springframework.test.context.support.DirtiesContextTestExecutionListener, org.springframework.test.context.transaction.TransactionalTestExecutionListener, org.springframework.test.context.jdbc.SqlScriptsTestExecutionListener, org.springframework.test.context.event.EventPublishingTestExecutionListener]
18:39:53.605 [Test worker] INFO org.springframework.boot.test.context.SpringBootTestContextBootstrapper - Using TestExecutionListeners: [org.springframework.test.context.web.ServletTestExecutionListener@1246f182, org.springframework.test.context.support.DirtiesContextBeforeModesTestExecutionListener@121f02ae, org.springframework.test.context.event.ApplicationEventsTestExecutionListener@27fc6d75, org.springframework.boot.test.mock.mockito.MockitoTestExecutionListener@713d8b64, org.springframework.boot.test.autoconfigure.SpringBootDependencyInjectionTestExecutionListener@5452ae20, org.springframework.test.context.support.DirtiesContextTestExecutionListener@3eb2cc76, org.springframework.test.context.transaction.TransactionalTestExecutionListener@7ae19910, org.springframework.test.context.jdbc.SqlScriptsTestExecutionListener@671a4b83, org.springframework.test.context.event.EventPublishingTestExecutionListener@2678caee, org.springframework.boot.test.autoconfigure.restdocs.RestDocsTestExecutionListener@e01632b, org.springframework.boot.test.autoconfigure.web.client.MockRestServiceServerResetTestExecutionListener@78de42e2, org.springframework.boot.test.autoconfigure.web.servlet.MockMvcPrintOnlyOnFailureTestExecutionListener@4d2d5829, org.springframework.boot.test.autoconfigure.web.servlet.WebDriverTestExecutionListener@2de2d4d8, org.springframework.boot.test.autoconfigure.webservices.client.MockWebServiceServerTestExecutionListener@287ff274, org.springframework.boot.test.mock.mockito.ResetMocksTestExecutionListener@223c7ccb]
18:39:53.620 [Test worker] DEBUG org.springframework.test.context.support.AbstractDirtiesContextTestExecutionListener - Before test class: context [DefaultTestContext@5a33a251 testClass = ThemeParkApplicationIT, testInstance = [null], testMethod = [null], testException = [null], mergedContextConfiguration = [WebMergedContextConfiguration@2c854db testClass = ThemeParkApplicationIT, locations = '{}', classes = '{class com.ish.ThemeParkApplication}', contextInitializerClasses = '[]', activeProfiles = '{}', propertySourceLocations = '{}', propertySourceProperties = '{org.springframework.boot.test.context.SpringBootTestContextBootstrapper=true}', contextCustomizers = set[org.springframework.boot.test.autoconfigure.actuate.metrics.MetricsExportContextCustomizerFactory$DisableMetricExportContextCustomizer@7a5266f3, org.springframework.boot.test.autoconfigure.properties.PropertyMappingContextCustomizer@4b3fa0b3, org.springframework.boot.test.autoconfigure.web.servlet.WebDriverContextCustomizerFactory$Customizer@7383cc39, [ImportsContextCustomizer@4e8aac2c key = [org.springframework.boot.test.autoconfigure.web.servlet.MockMvcAutoConfiguration, org.springframework.boot.test.autoconfigure.web.servlet.MockMvcWebClientAutoConfiguration, org.springframework.boot.test.autoconfigure.web.servlet.MockMvcWebDriverAutoConfiguration, org.springframework.boot.autoconfigure.security.oauth2.client.servlet.OAuth2ClientAutoConfiguration, org.springframework.boot.autoconfigure.security.oauth2.resource.servlet.OAuth2ResourceServerAutoConfiguration, org.springframework.boot.autoconfigure.security.servlet.SecurityAutoConfiguration, org.springframework.boot.autoconfigure.security.servlet.SecurityFilterAutoConfiguration, org.springframework.boot.autoconfigure.security.servlet.UserDetailsServiceAutoConfiguration, org.springframework.boot.test.autoconfigure.web.servlet.MockMvcSecurityConfiguration]], org.springframework.boot.test.context.filter.ExcludeFilterContextCustomizer@9855337, org.springframework.boot.test.json.DuplicateJsonObjectContextCustomizerFactory$DuplicateJsonObjectContextCustomizer@51fb4636, org.springframework.boot.test.mock.mockito.MockitoContextCustomizer@0, org.springframework.boot.test.web.client.TestRestTemplateContextCustomizer@1d45c276, org.springframework.boot.test.context.SpringBootTestArgs@1, org.springframework.boot.test.context.SpringBootTestWebEnvironment@493e11c6], resourceBasePath = 'src/main/webapp', contextLoader = 'org.springframework.boot.test.context.SpringBootContextLoader', parent = [null]], attributes = map['org.springframework.test.context.web.ServletTestExecutionListener.activateListener' -> true]], class annotated with @DirtiesContext [false] with mode [null].
18:39:53.642 [Test worker] DEBUG org.springframework.test.context.support.TestPropertySourceUtils - Adding inlined properties to environment: {spring.jmx.enabled=false, org.springframework.boot.test.context.SpringBootTestContextBootstrapper=true}

  .   ____          _            __ _ _
 /\\ / ___'_ __ _ _(_)_ __  __ _ \ \ \ \
( ( )\___ | '_ | '_| | '_ \/ _` | \ \ \ \
 \\/  ___)| |_)| | | | | || (_| |  ) ) ) )
  '  |____| .__|_| |_|_| |_\__, | / / / /
 =========|_|==============|___/=/_/_/_/
 :: Spring Boot ::                (v2.5.0)

2021-10-20 18:39:53.937  INFO 13080 --- [    Test worker] com.ish.ThemeParkApplicationIT           : Starting ThemeParkApplicationIT using Java 1.8.0_151 on LAPTOP-TM7GM8O5 with PID 13080 (started by ish in D:\spring-boot)
2021-10-20 18:39:53.943  INFO 13080 --- [    Test worker] com.ish.ThemeParkApplicationIT           : No active profile set, falling back to default profiles: default
2021-10-20 18:39:54.808  INFO 13080 --- [    Test worker] .s.d.r.c.RepositoryConfigurationDelegate : Bootstrapping Spring Data JPA repositories in DEFAULT mode.
2021-10-20 18:39:54.861  INFO 13080 --- [    Test worker] .s.d.r.c.RepositoryConfigurationDelegate : Finished Spring Data repository scanning in 49 ms. Found 1 JPA repository interfaces.
2021-10-20 18:39:55.299  INFO 13080 --- [    Test worker] trationDelegate$BeanPostProcessorChecker : Bean 'management.metrics-org.springframework.boot.actuate.autoconfigure.metrics.MetricsProperties' of type [org.springframework.boot.actuate.autoconfigure.metrics.MetricsProperties] is not eligible for getting processed by all BeanPostProcessors (for example: not eligible for auto-proxying)
2021-10-20 18:39:55.299  INFO 13080 --- [    Test worker] trationDelegate$BeanPostProcessorChecker : Bean 'org.springframework.boot.actuate.autoconfigure.metrics.data.RepositoryMetricsAutoConfiguration' of type [org.springframework.boot.actuate.autoconfigure.metrics.data.RepositoryMetricsAutoConfiguration] is not eligible for getting processed by all BeanPostProcessors (for example: not eligible for auto-proxying)
2021-10-20 18:39:55.301  INFO 13080 --- [    Test worker] trationDelegate$BeanPostProcessorChecker : Bean 'org.springframework.boot.actuate.autoconfigure.metrics.export.simple.SimpleMetricsExportAutoConfiguration' of type [org.springframework.boot.actuate.autoconfigure.metrics.export.simple.SimpleMetricsExportAutoConfiguration] is not eligible for getting processed by all BeanPostProcessors (for example: not eligible for auto-proxying)
2021-10-20 18:39:55.309  INFO 13080 --- [    Test worker] trationDelegate$BeanPostProcessorChecker : Bean 'management.metrics.export.simple-org.springframework.boot.actuate.autoconfigure.metrics.export.simple.SimpleProperties' of type [org.springframework.boot.actuate.autoconfigure.metrics.export.simple.SimpleProperties] is not eligible for getting processed by all BeanPostProcessors (for example: not eligible for auto-proxying)
2021-10-20 18:39:55.311  INFO 13080 --- [    Test worker] trationDelegate$BeanPostProcessorChecker : Bean 'simpleConfig' of type [org.springframework.boot.actuate.autoconfigure.metrics.export.simple.SimplePropertiesConfigAdapter] is not eligible for getting processed by all BeanPostProcessors (for example: not eligible for auto-proxying)
2021-10-20 18:39:55.321  INFO 13080 --- [    Test worker] trationDelegate$BeanPostProcessorChecker : Bean 'org.springframework.boot.actuate.autoconfigure.metrics.MetricsAutoConfiguration' of type [org.springframework.boot.actuate.autoconfigure.metrics.MetricsAutoConfiguration] is not eligible for getting processed by all BeanPostProcessors (for example: not eligible for auto-proxying)
2021-10-20 18:39:55.321  INFO 13080 --- [    Test worker] trationDelegate$BeanPostProcessorChecker : Bean 'micrometerClock' of type [io.micrometer.core.instrument.Clock$1] is not eligible for getting processed by all BeanPostProcessors (for example: not eligible for auto-proxying)
2021-10-20 18:39:55.341  INFO 13080 --- [    Test worker] trationDelegate$BeanPostProcessorChecker : Bean 'simpleMeterRegistry' of type [io.micrometer.core.instrument.simple.SimpleMeterRegistry] is not eligible for getting processed by all BeanPostProcessors (for example: not eligible for auto-proxying)
2021-10-20 18:39:55.350  INFO 13080 --- [    Test worker] trationDelegate$BeanPostProcessorChecker : Bean 'repositoryTagsProvider' of type [org.springframework.boot.actuate.metrics.data.DefaultRepositoryTagsProvider] is not eligible for getting processed by all BeanPostProcessors (for example: not eligible for auto-proxying)
2021-10-20 18:39:55.352  INFO 13080 --- [    Test worker] trationDelegate$BeanPostProcessorChecker : Bean 'metricsRepositoryMethodInvocationListener' of type [org.springframework.boot.actuate.metrics.data.MetricsRepositoryMethodInvocationListener] is not eligible for getting processed by all BeanPostProcessors (for example: not eligible for auto-proxying)
2021-10-20 18:39:55.483  INFO 13080 --- [    Test worker] com.zaxxer.hikari.HikariDataSource       : HikariPool-1 - Starting...
2021-10-20 18:39:55.646  INFO 13080 --- [    Test worker] com.zaxxer.hikari.HikariDataSource       : HikariPool-1 - Start completed.
2021-10-20 18:39:55.717  INFO 13080 --- [    Test worker] o.hibernate.jpa.internal.util.LogHelper  : HHH000204: Processing PersistenceUnitInfo [name: default]
2021-10-20 18:39:55.778  INFO 13080 --- [    Test worker] org.hibernate.Version                    : HHH000412: Hibernate ORM core version 5.4.31.Final
2021-10-20 18:39:55.962  INFO 13080 --- [    Test worker] o.hibernate.annotations.common.Version   : HCANN000001: Hibernate Commons Annotations {5.1.2.Final}
2021-10-20 18:39:56.094  INFO 13080 --- [    Test worker] org.hibernate.dialect.Dialect            : HHH000400: Using dialect: org.hibernate.dialect.H2Dialect
2021-10-20 18:39:56.728  INFO 13080 --- [    Test worker] o.h.e.t.j.p.i.JtaPlatformInitiator       : HHH000490: Using JtaPlatform implementation: [org.hibernate.engine.transaction.jta.platform.internal.NoJtaPlatform]
2021-10-20 18:39:56.738  INFO 13080 --- [    Test worker] j.LocalContainerEntityManagerFactoryBean : Initialized JPA EntityManagerFactory for persistence unit 'default'
2021-10-20 18:39:57.515  WARN 13080 --- [    Test worker] JpaBaseConfiguration$JpaWebConfiguration : spring.jpa.open-in-view is enabled by default. Therefore, database queries may be performed during view rendering. Explicitly configure spring.jpa.open-in-view to disable this warning
2021-10-20 18:39:58.436  INFO 13080 --- [    Test worker] o.s.b.t.m.w.SpringBootMockServletContext : Initializing Spring TestDispatcherServlet ''
2021-10-20 18:39:58.436  INFO 13080 --- [    Test worker] o.s.t.web.servlet.TestDispatcherServlet  : Initializing Servlet ''
2021-10-20 18:39:58.446  INFO 13080 --- [    Test worker] o.s.b.a.e.web.EndpointLinksResolver      : Exposing 1 endpoint(s) beneath base path '/actuator'
2021-10-20 18:39:58.485  INFO 13080 --- [    Test worker] o.s.t.web.servlet.TestDispatcherServlet  : Completed initialization in 49 ms
2021-10-20 18:39:58.517  INFO 13080 --- [    Test worker] com.ish.ThemeParkApplicationIT           : Started ThemeParkApplicationIT in 4.86 seconds (JVM running for 6.355)
2021-10-20 18:39:58.559  INFO 13080 --- [    Test worker] o.s.b.a.ApplicationAvailabilityBean      : Application availability state LivenessState changed to CORRECT
2021-10-20 18:39:58.649  INFO 13080 --- [    Test worker] o.s.b.a.ApplicationAvailabilityBean      : Application availability state ReadinessState changed to ACCEPTING_TRAFFIC
]]></system-out>
  <system-err><![CDATA[]]></system-err>
</testsuite>
